Using pre-set license
Built from '2020.3/staging' branch; Version is '2020.3.22f1 (e1a7f79fd887) revision 14788599'; Using compiler version '192528614'; Build Type 'Release'
OS: 'Windows 10 Home; OS build 19043.1348; Version 2009; 64bit' Language: 'en' Physical Memory: 8147 MB
BatchMode: 1, IsHumanControllingUs: 0, StartBugReporterOnCrash: 0, Is64bit: 1, IsPro: 0

COMMAND LINE ARGUMENTS:
C:\Program Files\Unity\Hub\Editor\2020.3.22f1\Editor\Unity.exe
-adb2
-batchMode
-noUpm
-name
AssetImportWorker0
-projectPath
C:/Users/Paternostro/Documents/GitHub/AdaptableTrees
-logFile
Logs/AssetImportWorker0.log
-srvPort
62369
Successfully changed project path to: C:/Users/Paternostro/Documents/GitHub/AdaptableTrees
C:/Users/Paternostro/Documents/GitHub/AdaptableTrees
Using Asset Import Pipeline V2.
Refreshing native plugins compatible for Editor in 45.81 ms, found 2 plugins.
Preloading 0 native plugins for Editor in 0.00 ms.
Initialize engine version: 2020.3.22f1 (e1a7f79fd887)
[Subsystems] Discovering subsystems at path C:/Program Files/Unity/Hub/Editor/2020.3.22f1/Editor/Data/Resources/UnitySubsystems
[Subsystems] Discovering subsystems at path C:/Users/Paternostro/Documents/GitHub/AdaptableTrees/Assets
GfxDevice: creating device client; threaded=0
Direct3D:
    Version:  Direct3D 11.0 [level 11.1]
    Renderer: NVIDIA GeForce GTX 1050 Ti (ID=0x1c82)
    Vendor:   
    VRAM:     4018 MB
    Driver:   27.21.14.5751
Initialize mono
Mono path[0] = 'C:/Program Files/Unity/Hub/Editor/2020.3.22f1/Editor/Data/Managed'
Mono path[1] = 'C:/Program Files/Unity/Hub/Editor/2020.3.22f1/Editor/Data/MonoBleedingEdge/lib/mono/unityjit'
Mono config path = 'C:/Program Files/Unity/Hub/Editor/2020.3.22f1/Editor/Data/MonoBleedingEdge/etc'
Using monoOptions --debugger-agent=transport=dt_socket,embedding=1,server=y,suspend=n,address=127.0.0.1:56492
Begin MonoManager ReloadAssembly
Registering precompiled unity dll's ...
Register platform support module: C:/Program Files/Unity/Hub/Editor/2020.3.22f1/Editor/Data/PlaybackEngines/WebGLSupport/UnityEditor.WebGL.Extensions.dll
Register platform support module: C:/Program Files/Unity/Hub/Editor/2020.3.22f1/Editor/Data/PlaybackEngines/WindowsStandaloneSupport/UnityEditor.WindowsStandalone.Extensions.dll
Registered in 0.003638 seconds.
Native extension for WindowsStandalone target not found
Native extension for WebGL target not found
Refreshing native plugins compatible for Editor in 58.51 ms, found 2 plugins.
Preloading 0 native plugins for Editor in 0.00 ms.
Mono: successfully reloaded assembly
- Completed reload, in  4.016 seconds
Domain Reload Profiling:
	ReloadAssembly (4016ms)
		BeginReloadAssembly (100ms)
			ExecutionOrderSort (0ms)
			DisableScriptedObjects (0ms)
			BackupInstance (0ms)
			ReleaseScriptingObjects (0ms)
			CreateAndSetChildDomain (1ms)
		EndReloadAssembly (860ms)
			LoadAssemblies (96ms)
			RebuildTransferFunctionScriptingTraits (0ms)
			SetupTypeCache (317ms)
			ReleaseScriptCaches (0ms)
			RebuildScriptCaches (75ms)
			SetupLoadedEditorAssemblies (279ms)
				LogAssemblyErrors (0ms)
				InitializePlatformSupportModulesInManaged (11ms)
				SetLoadedEditorAssemblies (0ms)
				RefreshPlugins (59ms)
				BeforeProcessingInitializeOnLoad (24ms)
				ProcessInitializeOnLoadAttributes (137ms)
				ProcessInitializeOnLoadMethodAttributes (48ms)
				AfterProcessingInitializeOnLoad (0ms)
				EditorAssembliesLoaded (0ms)
			ExecutionOrderSort2 (0ms)
			AwakeInstancesAfterBackupRestoration (0ms)
Platform modules already initialized, skipping
Registering precompiled user dll's ...
Registered in 0.006199 seconds.
Begin MonoManager ReloadAssembly
Native extension for WindowsStandalone target not found
Native extension for WebGL target not found
Refreshing native plugins compatible for Editor in 0.53 ms, found 2 plugins.
Preloading 0 native plugins for Editor in 0.00 ms.
Mono: successfully reloaded assembly
- Completed reload, in  2.101 seconds
Domain Reload Profiling:
	ReloadAssembly (2103ms)
		BeginReloadAssembly (215ms)
			ExecutionOrderSort (0ms)
			DisableScriptedObjects (7ms)
			BackupInstance (0ms)
			ReleaseScriptingObjects (0ms)
			CreateAndSetChildDomain (28ms)
		EndReloadAssembly (1791ms)
			LoadAssemblies (583ms)
			RebuildTransferFunctionScriptingTraits (0ms)
			SetupTypeCache (422ms)
			ReleaseScriptCaches (1ms)
			RebuildScriptCaches (79ms)
			SetupLoadedEditorAssemblies (559ms)
				LogAssemblyErrors (0ms)
				InitializePlatformSupportModulesInManaged (11ms)
				SetLoadedEditorAssemblies (1ms)
				RefreshPlugins (1ms)
				BeforeProcessingInitializeOnLoad (122ms)
				ProcessInitializeOnLoadAttributes (402ms)
				ProcessInitializeOnLoadMethodAttributes (14ms)
				AfterProcessingInitializeOnLoad (9ms)
				EditorAssembliesLoaded (0ms)
			ExecutionOrderSort2 (0ms)
			AwakeInstancesAfterBackupRestoration (11ms)
Platform modules already initialized, skipping
========================================================================
Worker process is ready to serve import requests
Launched and connected shader compiler UnityShaderCompiler.exe after 0.16 seconds
Refreshing native plugins compatible for Editor in 0.47 ms, found 2 plugins.
Preloading 0 native plugins for Editor in 0.00 ms.
Unloading 1494 Unused Serialized files (Serialized files now loaded: 0)
System memory in use before: 80.8 MB.
System memory in use after: 80.8 MB.

Unloading 19 unused Assets to reduce memory usage. Loaded Objects now: 1942.
Total: 3.550800 ms (FindLiveObjects: 0.163400 ms CreateObjectMapping: 0.059400 ms MarkObjects: 3.198800 ms  DeleteObjects: 0.119800 ms)

AssetImportParameters requested are different than current active one (requested -> active):
  custom:framework-win-MediaFoundation: 216162199b28c13a410421893ffa2e32 -> 
  custom:video-decoder-ogg-theora: a1e56fd34408186e4bbccfd4996cb3dc -> 
  custom:container-muxer-webm: aa71ff27fc2769a1b78a27578f13a17b -> 
  custom:container-demuxer-webm: 4f35f7cbe854078d1ac9338744f61a02 -> 
  custom:container-demuxer-ogg: 62fdf1f143b41e24485cea50d1cbac27 -> 
  custom:video-encoder-webm-vp8: eb34c28f22e8b96e1ab97ce403110664 -> 
  custom:video-decoder-webm-vp8: 9c59270c3fd7afecdb556c50c9e8de78 -> 
  custom:audio-decoder-ogg-vorbis: bf7c407c2cedff20999df2af8eb42d56 -> 
  custom:audio-encoder-webm-vorbis: bf7c407c2cedff20999df2af8eb42d56 -> 
========================================================================
Received Import Request.
  path: Assets/Scripts/SceneManager.cs
  artifactKey: Guid(6cee33180010cba4b96f7649b83627df) Importer(815301076,1909f56bfc062723c751e8b465ee728b)
Start importing Assets/Scripts/SceneManager.cs using Guid(6cee33180010cba4b96f7649b83627df) Importer(815301076,1909f56bfc062723c751e8b465ee728b)  -> (artifact id: '0d0f8af0f16cc0395ef12d5ef2e88dee') in 0.176419 seconds 
  Import took 0.335603 seconds .

========================================================================
Received Prepare
Registering precompiled user dll's ...
Registered in 0.005693 seconds.
Begin MonoManager ReloadAssembly
Native extension for WindowsStandalone target not found
Native extension for WebGL target not found
Refreshing native plugins compatible for Editor in 0.48 ms, found 2 plugins.
Preloading 0 native plugins for Editor in 0.00 ms.
Mono: successfully reloaded assembly
- Completed reload, in  1.516 seconds
Domain Reload Profiling:
	ReloadAssembly (1517ms)
		BeginReloadAssembly (171ms)
			ExecutionOrderSort (0ms)
			DisableScriptedObjects (7ms)
			BackupInstance (0ms)
			ReleaseScriptingObjects (0ms)
			CreateAndSetChildDomain (45ms)
		EndReloadAssembly (1244ms)
			LoadAssemblies (135ms)
			RebuildTransferFunctionScriptingTraits (0ms)
			SetupTypeCache (418ms)
			ReleaseScriptCaches (1ms)
			RebuildScriptCaches (69ms)
			SetupLoadedEditorAssemblies (500ms)
				LogAssemblyErrors (0ms)
				InitializePlatformSupportModulesInManaged (8ms)
				SetLoadedEditorAssemblies (1ms)
				RefreshPlugins (1ms)
				BeforeProcessingInitializeOnLoad (165ms)
				ProcessInitializeOnLoadAttributes (305ms)
				ProcessInitializeOnLoadMethodAttributes (11ms)
				AfterProcessingInitializeOnLoad (9ms)
				EditorAssembliesLoaded (0ms)
			ExecutionOrderSort2 (0ms)
			AwakeInstancesAfterBackupRestoration (9ms)
Platform modules already initialized, skipping
Refreshing native plugins compatible for Editor in 0.57 ms, found 2 plugins.
Preloading 0 native plugins for Editor in 0.00 ms.
Unloading 1488 Unused Serialized files (Serialized files now loaded: 0)
System memory in use before: 80.6 MB.
System memory in use after: 80.7 MB.

Unloading 14 unused Assets to reduce memory usage. Loaded Objects now: 1944.
Total: 3.393100 ms (FindLiveObjects: 0.166200 ms CreateObjectMapping: 0.071600 ms MarkObjects: 3.122400 ms  DeleteObjects: 0.031300 ms)

AssetImportParameters requested are different than current active one (requested -> active):
  custom:framework-win-MediaFoundation: 216162199b28c13a410421893ffa2e32 -> 
  custom:video-decoder-ogg-theora: a1e56fd34408186e4bbccfd4996cb3dc -> 
  custom:container-muxer-webm: aa71ff27fc2769a1b78a27578f13a17b -> 
  custom:container-demuxer-webm: 4f35f7cbe854078d1ac9338744f61a02 -> 
  custom:container-demuxer-ogg: 62fdf1f143b41e24485cea50d1cbac27 -> 
  custom:video-encoder-webm-vp8: eb34c28f22e8b96e1ab97ce403110664 -> 
  custom:video-decoder-webm-vp8: 9c59270c3fd7afecdb556c50c9e8de78 -> 
  custom:audio-decoder-ogg-vorbis: bf7c407c2cedff20999df2af8eb42d56 -> 
  custom:audio-encoder-webm-vorbis: bf7c407c2cedff20999df2af8eb42d56 -> 
========================================================================
Received Import Request.
  Time since last request: 22808.654129 seconds.
  path: Assets/Scripts/SceneManager.cs
  artifactKey: Guid(6cee33180010cba4b96f7649b83627df) Importer(815301076,1909f56bfc062723c751e8b465ee728b)
Start importing Assets/Scripts/SceneManager.cs using Guid(6cee33180010cba4b96f7649b83627df) Importer(815301076,1909f56bfc062723c751e8b465ee728b)  -> (artifact id: 'e7802a03246d22b88a0d4fb6598107d4') in 0.015800 seconds 
  Import took 0.039938 seconds .

========================================================================
Received Import Request.
  Time since last request: 16.688046 seconds.
  path: Assets/Scripts/SceneManager.cs
  artifactKey: Guid(6cee33180010cba4b96f7649b83627df) Importer(815301076,1909f56bfc062723c751e8b465ee728b)
Start importing Assets/Scripts/SceneManager.cs using Guid(6cee33180010cba4b96f7649b83627df) Importer(815301076,1909f56bfc062723c751e8b465ee728b)  -> (artifact id: '7d504e3a579a7dbae8cbdc300f702db2') in 0.005450 seconds 
  Import took 0.010358 seconds .

========================================================================
Received Import Request.
  Time since last request: 409.936867 seconds.
  path: Assets/Scripts/SceneManager.cs
  artifactKey: Guid(6cee33180010cba4b96f7649b83627df) Importer(815301076,1909f56bfc062723c751e8b465ee728b)
Start importing Assets/Scripts/SceneManager.cs using Guid(6cee33180010cba4b96f7649b83627df) Importer(815301076,1909f56bfc062723c751e8b465ee728b)  -> (artifact id: '13419e3794e264c37d31b53529fe2acb') in 0.003109 seconds 
  Import took 0.019426 seconds .

========================================================================
Received Import Request.
  Time since last request: 174.065634 seconds.
  path: Assets/Scripts/SceneManager.cs
  artifactKey: Guid(6cee33180010cba4b96f7649b83627df) Importer(815301076,1909f56bfc062723c751e8b465ee728b)
Start importing Assets/Scripts/SceneManager.cs using Guid(6cee33180010cba4b96f7649b83627df) Importer(815301076,1909f56bfc062723c751e8b465ee728b)  -> (artifact id: 'cb05661e4b5127afab82a0bb8bcebc57') in 0.003316 seconds 
  Import took 0.019793 seconds .

========================================================================
Received Import Request.
  Time since last request: 35.442532 seconds.
  path: Assets/Scripts/SceneManager.cs
  artifactKey: Guid(6cee33180010cba4b96f7649b83627df) Importer(815301076,1909f56bfc062723c751e8b465ee728b)
Start importing Assets/Scripts/SceneManager.cs using Guid(6cee33180010cba4b96f7649b83627df) Importer(815301076,1909f56bfc062723c751e8b465ee728b)  -> (artifact id: '877db810d8ae25585a1631876a39c627') in 0.003178 seconds 
  Import took 0.007824 seconds .

========================================================================
Received Import Request.
  Time since last request: 107.105857 seconds.
  path: Assets/Scripts/SceneManager.cs
  artifactKey: Guid(6cee33180010cba4b96f7649b83627df) Importer(815301076,1909f56bfc062723c751e8b465ee728b)
Start importing Assets/Scripts/SceneManager.cs using Guid(6cee33180010cba4b96f7649b83627df) Importer(815301076,1909f56bfc062723c751e8b465ee728b)  -> (artifact id: 'bb8d3e8151f68090c1db85b61a93a335') in 0.003652 seconds 
  Import took 0.020939 seconds .

========================================================================
Received Import Request.
  Time since last request: 54.851459 seconds.
  path: Assets/Scripts/SceneManager.cs
  artifactKey: Guid(6cee33180010cba4b96f7649b83627df) Importer(815301076,1909f56bfc062723c751e8b465ee728b)
Start importing Assets/Scripts/SceneManager.cs using Guid(6cee33180010cba4b96f7649b83627df) Importer(815301076,1909f56bfc062723c751e8b465ee728b)  -> (artifact id: '34bb04ddd6ddc12faff84d83a78bf3e8') in 0.002746 seconds 
  Import took 0.008251 seconds .

========================================================================
Received Import Request.
  Time since last request: 61.240563 seconds.
  path: Assets/Scripts/SceneManager.cs
  artifactKey: Guid(6cee33180010cba4b96f7649b83627df) Importer(815301076,1909f56bfc062723c751e8b465ee728b)
Start importing Assets/Scripts/SceneManager.cs using Guid(6cee33180010cba4b96f7649b83627df) Importer(815301076,1909f56bfc062723c751e8b465ee728b)  -> (artifact id: '0fd14605be198c08da4a4587cfc092ea') in 0.009463 seconds 
  Import took 0.012850 seconds .

========================================================================
Received Import Request.
  Time since last request: 72.027190 seconds.
  path: Assets/Scripts/SceneManager.cs
  artifactKey: Guid(6cee33180010cba4b96f7649b83627df) Importer(815301076,1909f56bfc062723c751e8b465ee728b)
Start importing Assets/Scripts/SceneManager.cs using Guid(6cee33180010cba4b96f7649b83627df) Importer(815301076,1909f56bfc062723c751e8b465ee728b)  -> (artifact id: '6493b0e0853cb03e5eb6caee08060681') in 0.003649 seconds 
  Import took 0.016401 seconds .

========================================================================
Received Import Request.
  Time since last request: 15.971929 seconds.
  path: Assets/Scripts/SceneManager.cs
  artifactKey: Guid(6cee33180010cba4b96f7649b83627df) Importer(815301076,1909f56bfc062723c751e8b465ee728b)
Start importing Assets/Scripts/SceneManager.cs using Guid(6cee33180010cba4b96f7649b83627df) Importer(815301076,1909f56bfc062723c751e8b465ee728b)  -> (artifact id: '6d746023be37b094ddf8ab96c951eb2d') in 0.003142 seconds 
  Import took 0.019161 seconds .

========================================================================
Received Import Request.
  Time since last request: 9.693962 seconds.
  path: Assets/Scripts/SceneManager.cs
  artifactKey: Guid(6cee33180010cba4b96f7649b83627df) Importer(815301076,1909f56bfc062723c751e8b465ee728b)
Start importing Assets/Scripts/SceneManager.cs using Guid(6cee33180010cba4b96f7649b83627df) Importer(815301076,1909f56bfc062723c751e8b465ee728b)  -> (artifact id: '694337be6a21408977e2271338d31f10') in 0.019457 seconds 
  Import took 0.041275 seconds .

========================================================================
Received Import Request.
  Time since last request: 18966.712644 seconds.
  path: Assets/Scripts/SceneManager.cs
  artifactKey: Guid(6cee33180010cba4b96f7649b83627df) Importer(815301076,1909f56bfc062723c751e8b465ee728b)
Start importing Assets/Scripts/SceneManager.cs using Guid(6cee33180010cba4b96f7649b83627df) Importer(815301076,1909f56bfc062723c751e8b465ee728b)  -> (artifact id: '7bed922917d9af66a109d8098d0959f5') in 0.003727 seconds 
  Import took 0.021697 seconds .

========================================================================
Received Import Request.
  Time since last request: 2.854448 seconds.
  path: Assets/Scripts/SceneManager.cs
  artifactKey: Guid(6cee33180010cba4b96f7649b83627df) Importer(815301076,1909f56bfc062723c751e8b465ee728b)
Start importing Assets/Scripts/SceneManager.cs using Guid(6cee33180010cba4b96f7649b83627df) Importer(815301076,1909f56bfc062723c751e8b465ee728b)  -> (artifact id: '2a0c77d18ddb8d454172a29dedede86b') in 0.003049 seconds 
  Import took 0.013483 seconds .

========================================================================
Received Import Request.
  Time since last request: 78.157022 seconds.
  path: Assets/Scripts/SceneManager.cs
  artifactKey: Guid(6cee33180010cba4b96f7649b83627df) Importer(815301076,1909f56bfc062723c751e8b465ee728b)
Start importing Assets/Scripts/SceneManager.cs using Guid(6cee33180010cba4b96f7649b83627df) Importer(815301076,1909f56bfc062723c751e8b465ee728b)  -> (artifact id: 'd262f45d5fbfb391de93938b4d33cc32') in 0.002876 seconds 
  Import took 0.017800 seconds .

========================================================================
Received Import Request.
  Time since last request: 329.237908 seconds.
  path: Assets/Scripts/SceneManager.cs
  artifactKey: Guid(6cee33180010cba4b96f7649b83627df) Importer(815301076,1909f56bfc062723c751e8b465ee728b)
Start importing Assets/Scripts/SceneManager.cs using Guid(6cee33180010cba4b96f7649b83627df) Importer(815301076,1909f56bfc062723c751e8b465ee728b)  -> (artifact id: '9486dbe08d45773aab305e81984687a8') in 0.003130 seconds 
  Import took 0.016366 seconds .

========================================================================
Received Import Request.
  Time since last request: 494.898326 seconds.
  path: Assets/Scripts/SceneManager.cs
  artifactKey: Guid(6cee33180010cba4b96f7649b83627df) Importer(815301076,1909f56bfc062723c751e8b465ee728b)
Start importing Assets/Scripts/SceneManager.cs using Guid(6cee33180010cba4b96f7649b83627df) Importer(815301076,1909f56bfc062723c751e8b465ee728b)  -> (artifact id: 'c9ee33941b9cf58e30685469f829ffc5') in 0.005050 seconds 
  Import took 0.023113 seconds .

========================================================================
Received Import Request.
  Time since last request: 1338.113183 seconds.
  path: Assets/Scripts/SceneManager.cs
  artifactKey: Guid(6cee33180010cba4b96f7649b83627df) Importer(815301076,1909f56bfc062723c751e8b465ee728b)
Start importing Assets/Scripts/SceneManager.cs using Guid(6cee33180010cba4b96f7649b83627df) Importer(815301076,1909f56bfc062723c751e8b465ee728b)  -> (artifact id: 'f790a62cb03653db839708e0c2270b02') in 0.003076 seconds 
  Import took 0.007918 seconds .

========================================================================
Received Import Request.
  Time since last request: 12.328491 seconds.
  path: Assets/Scripts/SceneManager.cs
  artifactKey: Guid(6cee33180010cba4b96f7649b83627df) Importer(815301076,1909f56bfc062723c751e8b465ee728b)
Start importing Assets/Scripts/SceneManager.cs using Guid(6cee33180010cba4b96f7649b83627df) Importer(815301076,1909f56bfc062723c751e8b465ee728b)  -> (artifact id: 'a1f7fe4ce494a58695576d320ae3d4fe') in 0.003013 seconds 
  Import took 0.022844 seconds .

========================================================================
Received Import Request.
  Time since last request: 14.399834 seconds.
  path: Assets/Scripts/SceneManager.cs
  artifactKey: Guid(6cee33180010cba4b96f7649b83627df) Importer(815301076,1909f56bfc062723c751e8b465ee728b)
Start importing Assets/Scripts/SceneManager.cs using Guid(6cee33180010cba4b96f7649b83627df) Importer(815301076,1909f56bfc062723c751e8b465ee728b)  -> (artifact id: 'ba36a28ad14ee6abc15f165882f7b791') in 0.002733 seconds 
  Import took 0.010481 seconds .

========================================================================
Received Import Request.
  Time since last request: 20.705852 seconds.
  path: Assets/Scripts/SceneManager.cs
  artifactKey: Guid(6cee33180010cba4b96f7649b83627df) Importer(815301076,1909f56bfc062723c751e8b465ee728b)
Start importing Assets/Scripts/SceneManager.cs using Guid(6cee33180010cba4b96f7649b83627df) Importer(815301076,1909f56bfc062723c751e8b465ee728b)  -> (artifact id: '2505a92d296754157c96fe931c5aef72') in 0.006063 seconds 
  Import took 0.014199 seconds .

========================================================================
Received Import Request.
  Time since last request: 537.249880 seconds.
  path: Assets/Scripts/SceneManager.cs
  artifactKey: Guid(6cee33180010cba4b96f7649b83627df) Importer(815301076,1909f56bfc062723c751e8b465ee728b)
Start importing Assets/Scripts/SceneManager.cs using Guid(6cee33180010cba4b96f7649b83627df) Importer(815301076,1909f56bfc062723c751e8b465ee728b)  -> (artifact id: '6cc38df4638733e9cc42aa6c2d272e30') in 0.003144 seconds 
  Import took 0.016951 seconds .

========================================================================
Received Import Request.
  Time since last request: 2.179611 seconds.
  path: Assets/Scripts/SceneManager.cs
  artifactKey: Guid(6cee33180010cba4b96f7649b83627df) Importer(815301076,1909f56bfc062723c751e8b465ee728b)
Start importing Assets/Scripts/SceneManager.cs using Guid(6cee33180010cba4b96f7649b83627df) Importer(815301076,1909f56bfc062723c751e8b465ee728b)  -> (artifact id: 'c47bc91cb9f44cdbdb9a6f3d276e86b4') in 0.004091 seconds 
  Import took 0.020969 seconds .

========================================================================
Received Import Request.
  Time since last request: 455.740405 seconds.
  path: Assets/Scripts/SceneManager.cs
  artifactKey: Guid(6cee33180010cba4b96f7649b83627df) Importer(815301076,1909f56bfc062723c751e8b465ee728b)
Start importing Assets/Scripts/SceneManager.cs using Guid(6cee33180010cba4b96f7649b83627df) Importer(815301076,1909f56bfc062723c751e8b465ee728b)  -> (artifact id: '1ab26147828456054942c74c5e721598') in 0.003057 seconds 
  Import took 0.015560 seconds .

========================================================================
Received Import Request.
  Time since last request: 371.209461 seconds.
  path: Assets/Scripts/SceneManager.cs
  artifactKey: Guid(6cee33180010cba4b96f7649b83627df) Importer(815301076,1909f56bfc062723c751e8b465ee728b)
Start importing Assets/Scripts/SceneManager.cs using Guid(6cee33180010cba4b96f7649b83627df) Importer(815301076,1909f56bfc062723c751e8b465ee728b)  -> (artifact id: 'afafb83658c1e0d2c5eb5634dc1a7ac0') in 0.003980 seconds 
  Import took 0.020008 seconds .

AssetImportWorkerClient::OnTransportError - code=2 error=End of file
